2024-08-25 10:19:24,419 - sms_spam_detector - INFO - Loading data from /Users/sophia/Desktop/SMS-Spam-Detection/data/raw/spam.csv
2024-08-25 10:19:24,438 - sms_spam_detector - INFO - Preprocessing data
2024-08-25 10:19:24,663 - sms_spam_detector - INFO - Tokenizer saved to models/tokenizer.pickle
2024-08-25 10:19:24,663 - sms_spam_detector - INFO - Splitting data
2024-08-25 10:19:24,812 - sms_spam_detector - INFO - Training model
2024-08-25 10:19:24,812 - sms_spam_detector - INFO - Starting model training
2024-08-25 10:19:28,457 - sms_spam_detector - INFO - Model training complete
2024-08-25 10:19:28,457 - sms_spam_detector - INFO - Evaluating model
2024-08-25 10:19:28,457 - sms_spam_detector - INFO - Starting model evaluation
2024-08-25 10:19:28,536 - sms_spam_detector - INFO - Evaluation Results: [0.05167728662490845, 0.9883407950401306]
2024-08-25 10:19:28,537 - sms_spam_detector - INFO - Test Accuracy: 0.99
2024-08-25 10:19:28,537 - sms_spam_detector - INFO - Model Evaluation - Loss: 0.05167728662490845, Accuracy: 0.9883407950401306
2024-08-25 10:19:28,537 - sms_spam_detector - INFO - Saving model
2024-08-25 10:19:28,537 - sms_spam_detector - INFO - Saving model to models/sms_spam_detector.h5
2024-08-25 10:19:28,578 - sms_spam_detector - INFO - Model saved successfully
2024-08-25 10:26:40,516 - sms_spam_detector - INFO - Loading data from /Users/sophia/Desktop/SMS-Spam-Detection/data/raw/spam.csv
2024-08-25 10:26:40,534 - sms_spam_detector - INFO - Preprocessing data
2024-08-25 10:26:40,795 - sms_spam_detector - INFO - Tokenizer saved to models/tokenizer.pickle
2024-08-25 10:26:40,795 - sms_spam_detector - INFO - Splitting data
2024-08-25 10:26:40,928 - sms_spam_detector - INFO - Training model
2024-08-25 10:26:40,928 - sms_spam_detector - INFO - Starting model training
2024-08-25 10:26:45,398 - sms_spam_detector - INFO - Model training complete
2024-08-25 10:26:45,399 - sms_spam_detector - INFO - Evaluating model
2024-08-25 10:26:45,399 - sms_spam_detector - INFO - Starting extended model evaluation
2024-08-25 10:26:45,648 - sms_spam_detector - INFO - Evaluation Results - Loss: 0.07152062654495239, Accuracy: 0.9856502413749695, Precision: 0.9925925925925926, Recall: 0.8993288590604027, F1 Score: 0.9436619718309859
