2024-08-25 16:16:12,207 - sms_spam_detector - INFO - Loading model from /Users/sophia/Desktop/SMS-Spam-Detection/src/models/sms_spam_detector.h5
2024-08-25 16:16:12,461 - sms_spam_detector - INFO - Preprocessing texts for prediction
2024-08-25 16:16:12,462 - sms_spam_detector - INFO - Making predictions
2024-08-25 16:19:29,837 - sms_spam_detector - INFO - Loading model from /Users/sophia/Desktop/SMS-Spam-Detection/src/models/sms_spam_detector.h5
2024-08-25 16:19:30,001 - sms_spam_detector - INFO - Preprocessing texts for prediction
2024-08-25 16:19:30,001 - sms_spam_detector - INFO - Making predictions
2024-08-25 16:20:10,467 - sms_spam_detector - INFO - Loading model from /Users/sophia/Desktop/SMS-Spam-Detection/src/models/sms_spam_detector.h5
2024-08-25 16:20:10,635 - sms_spam_detector - INFO - Preprocessing texts for prediction
2024-08-25 16:20:10,635 - sms_spam_detector - INFO - Making predictions
2024-08-25 16:20:30,433 - sms_spam_detector - INFO - Loading model from /Users/sophia/Desktop/SMS-Spam-Detection/src/models/sms_spam_detector.h5
2024-08-25 16:20:30,509 - sms_spam_detector - INFO - Preprocessing texts for prediction
2024-08-25 16:20:30,509 - sms_spam_detector - INFO - Making predictions
2024-08-25 16:20:51,233 - sms_spam_detector - INFO - Loading model from /Users/sophia/Desktop/SMS-Spam-Detection/src/models/sms_spam_detector.h5
2024-08-25 16:20:51,306 - sms_spam_detector - INFO - Preprocessing texts for prediction
2024-08-25 16:20:51,307 - sms_spam_detector - INFO - Making predictions
2024-08-25 16:21:28,168 - sms_spam_detector - INFO - Loading model from /Users/sophia/Desktop/SMS-Spam-Detection/src/models/sms_spam_detector.h5
2024-08-25 16:21:28,248 - sms_spam_detector - INFO - Preprocessing texts for prediction
2024-08-25 16:21:28,249 - sms_spam_detector - INFO - Making predictions
2024-08-25 16:23:01,650 - sms_spam_detector - INFO - Preprocessing texts for prediction
2024-08-25 16:23:01,651 - sms_spam_detector - INFO - Making predictions
2024-08-25 16:45:40,738 - sms_spam_detector - INFO - Loading model from /Users/sophia/Desktop/SMS-Spam-Detection/src/models/sms_spam_detector.h5
2024-08-25 16:45:50,072 - sms_spam_detector - INFO - Loading model from /Users/sophia/Desktop/SMS-Spam-Detection/src/models/sms_spam_detector.h5
2024-08-25 16:47:38,539 - sms_spam_detector - INFO - Loading model from /Users/sophia/Desktop/SMS-Spam-Detection/src/models/sms_spam_detector.h5
2024-08-25 16:47:38,724 - sms_spam_detector - INFO - Preprocessing texts for prediction
2024-08-25 16:47:38,725 - sms_spam_detector - INFO - Making predictions
2024-08-25 16:47:44,590 - sms_spam_detector - INFO - Loading model from /Users/sophia/Desktop/SMS-Spam-Detection/src/models/sms_spam_detector.h5
2024-08-25 16:47:44,669 - sms_spam_detector - INFO - Preprocessing texts for prediction
2024-08-25 16:47:44,670 - sms_spam_detector - INFO - Making predictions
2024-08-25 16:47:54,888 - sms_spam_detector - INFO - Loading model from /Users/sophia/Desktop/SMS-Spam-Detection/src/models/sms_spam_detector.h5
2024-08-25 16:47:54,962 - sms_spam_detector - INFO - Preprocessing texts for prediction
2024-08-25 16:47:54,963 - sms_spam_detector - INFO - Making predictions
2024-08-25 16:48:05,056 - sms_spam_detector - INFO - Loading model from /Users/sophia/Desktop/SMS-Spam-Detection/src/models/sms_spam_detector.h5
2024-08-25 16:48:05,153 - sms_spam_detector - INFO - Preprocessing texts for prediction
2024-08-25 16:48:05,154 - sms_spam_detector - INFO - Making predictions
2024-08-25 16:49:05,206 - sms_spam_detector - INFO - Loading model from /Users/sophia/Desktop/SMS-Spam-Detection/src/models/sms_spam_detector.h5
2024-08-25 16:49:05,283 - sms_spam_detector - INFO - Preprocessing texts for prediction
2024-08-25 16:49:05,283 - sms_spam_detector - INFO - Making predictions
2024-08-25 16:49:40,888 - sms_spam_detector - INFO - Loading model from /Users/sophia/Desktop/SMS-Spam-Detection/src/models/sms_spam_detector.h5
2024-08-25 16:49:40,965 - sms_spam_detector - INFO - Preprocessing texts for prediction
2024-08-25 16:49:40,966 - sms_spam_detector - INFO - Making predictions
2024-11-12 18:08:10,806 - sms_spam_detector - INFO - Loading model from /Users/sophia/Desktop/SMS-Spam-Detection/src/models/sms_spam_detector.h5
2024-11-12 18:08:11,009 - sms_spam_detector - INFO - Preprocessing texts for prediction
2024-11-12 18:08:11,010 - sms_spam_detector - INFO - Making predictions
2024-11-12 19:04:46,938 - INFO - Loading model from /Users/sophia/Desktop/SMS-Spam-Detection/src/models/sms_spam_detector.h5
2024-11-12 19:04:47,152 - INFO - Preprocessing texts for prediction
2024-11-12 19:04:47,153 - INFO - Making predictions
2024-11-12 19:04:52,861 - INFO - Loading model from /Users/sophia/Desktop/SMS-Spam-Detection/src/models/sms_spam_detector.h5
2024-11-12 19:04:52,964 - INFO - Preprocessing texts for prediction
2024-11-12 19:04:52,964 - INFO - Making predictions
2024-11-12 19:04:53,392 - INFO - Loading model from /Users/sophia/Desktop/SMS-Spam-Detection/src/models/sms_spam_detector.h5
2024-11-12 19:04:53,491 - INFO - Preprocessing texts for prediction
2024-11-12 19:04:53,491 - INFO - Making predictions
2024-11-12 19:40:38,040 - INFO - Loading model from /Users/sophia/Desktop/SMS-Spam-Detection/src/pipeline/models/sms_spam_detection.h5
2024-11-12 19:43:22,888 - INFO - Loading model from /Users/sophia/Desktop/SMS-Spam-Detection/src/pipeline/../models/sms_spam_detection.h5
2024-11-12 19:49:58,959 - INFO - Loading model from /Users/sophia/Desktop/SMS-Spam-Detection/src/pipeline/../models/sms_spam_detector.h5
2024-11-12 19:49:59,144 - INFO - Preprocessing texts for prediction
2024-11-12 19:49:59,163 - INFO - Making predictions
2024-11-12 19:50:08,822 - INFO - Loading model from /Users/sophia/Desktop/SMS-Spam-Detection/src/pipeline/../models/sms_spam_detector.h5
2024-11-12 19:50:08,931 - INFO - Preprocessing texts for prediction
2024-11-12 19:50:08,931 - INFO - Making predictions
2024-11-12 19:50:09,371 - INFO - Loading model from /Users/sophia/Desktop/SMS-Spam-Detection/src/pipeline/../models/sms_spam_detector.h5
2024-11-12 19:50:09,469 - INFO - Preprocessing texts for prediction
2024-11-12 19:50:09,469 - INFO - Making predictions
2024-11-12 19:50:09,688 - INFO - Loading model from /Users/sophia/Desktop/SMS-Spam-Detection/src/pipeline/../models/sms_spam_detector.h5
2024-11-12 19:50:09,787 - INFO - Preprocessing texts for prediction
2024-11-12 19:50:09,788 - INFO - Making predictions
2024-11-12 19:50:15,687 - INFO - Loading model from /Users/sophia/Desktop/SMS-Spam-Detection/src/pipeline/../models/sms_spam_detector.h5
2024-11-12 19:50:15,783 - INFO - Preprocessing texts for prediction
2024-11-12 19:50:15,783 - INFO - Making predictions
2024-11-12 19:50:43,873 - INFO - Loading model from /Users/sophia/Desktop/SMS-Spam-Detection/src/pipeline/../models/sms_spam_detector.h5
2024-11-12 19:50:43,983 - INFO - Preprocessing texts for prediction
2024-11-12 19:50:43,983 - INFO - Making predictions
2024-11-12 19:50:46,204 - INFO - Loading model from /Users/sophia/Desktop/SMS-Spam-Detection/src/pipeline/../models/sms_spam_detector.h5
2024-11-12 19:50:46,305 - INFO - Preprocessing texts for prediction
2024-11-12 19:50:46,305 - INFO - Making predictions
2024-11-12 19:50:46,519 - INFO - Loading model from /Users/sophia/Desktop/SMS-Spam-Detection/src/pipeline/../models/sms_spam_detector.h5
2024-11-12 19:50:46,616 - INFO - Preprocessing texts for prediction
2024-11-12 19:50:46,617 - INFO - Making predictions
2024-11-12 19:50:46,804 - INFO - Loading model from /Users/sophia/Desktop/SMS-Spam-Detection/src/pipeline/../models/sms_spam_detector.h5
2024-11-12 19:50:46,912 - INFO - Preprocessing texts for prediction
2024-11-12 19:50:46,912 - INFO - Making predictions
2024-11-12 19:50:47,371 - INFO - Loading model from /Users/sophia/Desktop/SMS-Spam-Detection/src/pipeline/../models/sms_spam_detector.h5
2024-11-12 19:50:47,466 - INFO - Preprocessing texts for prediction
2024-11-12 19:50:47,466 - INFO - Making predictions
2024-11-12 19:50:47,645 - INFO - Loading model from /Users/sophia/Desktop/SMS-Spam-Detection/src/pipeline/../models/sms_spam_detector.h5
2024-11-12 19:50:47,752 - INFO - Preprocessing texts for prediction
2024-11-12 19:50:47,752 - INFO - Making predictions
2024-11-12 19:50:49,937 - INFO - Loading model from /Users/sophia/Desktop/SMS-Spam-Detection/src/pipeline/../models/sms_spam_detector.h5
2024-11-12 19:50:50,040 - INFO - Preprocessing texts for prediction
2024-11-12 19:50:50,040 - INFO - Making predictions
2024-11-12 19:53:05,155 - INFO - Loading model from /Users/sophia/Desktop/SMS-Spam-Detection/src/pipeline/../models/sms_spam_detector.h5
2024-11-12 19:53:05,256 - INFO - Preprocessing texts for prediction
2024-11-12 19:53:05,256 - INFO - Making predictions
2024-11-12 19:54:56,219 - INFO - Loading model from /Users/sophia/Desktop/SMS-Spam-Detection/src/pipeline/../models/sms_spam_detector.h5
2024-11-12 19:54:56,288 - INFO - Preprocessing texts for prediction
2024-11-12 19:54:56,288 - INFO - Making predictions
2024-11-12 19:56:37,735 - INFO - Loading model from /Users/sophia/Desktop/SMS-Spam-Detection/src/pipeline/../models/sms_spam_detector.h5
2024-11-12 19:56:37,799 - INFO - Preprocessing texts for prediction
2024-11-12 19:56:37,800 - INFO - Making predictions
2024-11-12 19:58:26,324 - INFO - Loading model from /Users/sophia/Desktop/SMS-Spam-Detection/src/pipeline/../models/sms_spam_detector.h5
2024-11-12 19:58:26,393 - INFO - Preprocessing texts for prediction
2024-11-12 19:58:26,393 - INFO - Making predictions
2024-11-12 19:58:35,818 - INFO - Loading model from /Users/sophia/Desktop/SMS-Spam-Detection/src/pipeline/../models/sms_spam_detector.h5
2024-11-12 19:58:35,888 - INFO - Preprocessing texts for prediction
2024-11-12 19:58:35,888 - INFO - Making predictions
